Drill report for payload-pcb.kicad_pcb
Created on 2026-01-03T14:11:41-0500

Copper Layer Stackup:
    =============================================================
    L1 :  F.Cu                      front
    L2 :  GND1                      in1
    L3 :  GND2                      in2
    L4 :  B.Cu                      back


Drill file 'payload-pcb-PTH.drl' contains
    plated through holes:
    =============================================================
    T1  0.305mm  0.0120"  (154 holes)
    T2  0.381mm  0.0150"  (123 holes)
    T3  0.400mm  0.0157"  (33 holes)
    T4  0.500mm  0.0197"  (45 holes)
    T5  0.550mm  0.0217"  (2 holes)  (with 2 slots)
    T6  0.800mm  0.0315"  (14 holes)
    T7  0.850mm  0.0335"  (2 holes)  (with 2 slots)
    T8  0.940mm  0.0370"  (6 holes)
    T9  1.000mm  0.0394"  (30 holes)
    T10  1.020mm  0.0402"  (51 holes)
    T11  3.200mm  0.1260"  (4 holes)

    Total plated holes count 464


Drill file 'payload-pcb-NPTH.drl' contains
    unplated through holes:
    =============================================================
    T1  0.800mm  0.0315"  (2 holes)
    T2  3.000mm  0.1181"  (2 holes)

    Total unplated holes count 4
